<?xml version="1.0" encoding="UTF-8"?>
<testng-results ignored="0" total="0" passed="0" failed="0" skipped="0">
  <reporter-output>
  </reporter-output>
  <suite started-at="2021-06-25T15:04:53 PDT" name="DemoTest" finished-at="2021-06-25T15:04:53 PDT" duration-ms="3">
    <groups>
    </groups>
    <test started-at="2021-06-25T15:04:53 PDT" name="Command line test" finished-at="2021-06-25T15:04:53 PDT" duration-ms="3">
    </test> <!-- Command line test -->
  </suite> <!-- DemoTest -->
</testng-results>
